#
# There is insufficient memory for the Java Runtime Environment to continue.
# Native memory allocation (malloc) failed to allocate 480176 bytes for Chunk::new
# Possible reasons:
#   The system is out of physical RAM or swap space
#   In 32 bit mode, the process size limit was hit
# Possible solutions:
#   Reduce memory load on the system
#   Increase physical memory or swap space
#   Check if swap backing store is full
#   Use 64 bit Java on a 64 bit OS
#   Decrease Java heap size (-Xmx/-Xms)
#   Decrease number of Java threads
#   Decrease Java thread stack sizes (-Xss)
#   Set larger code cache with -XX:ReservedCodeCacheSize=
# This output file may be truncated or incomplete.
#
#  Out of Memory Error (allocation.cpp:390), pid=5640, tid=4580
#
# JRE version: Java(TM) SE Runtime Environment (8.0_45-b15) (build 1.8.0_45-b15)
# Java VM: Java HotSpot(TM) 64-Bit Server VM (25.45-b02 mixed mode windows-amd64 compressed oops)
# Failed to write core dump. Minidumps are not enabled by default on client versions of Windows
#

---------------  T H R E A D  ---------------

Current thread (0x0000000014afc000):  JavaThread "C2 CompilerThread0" daemon [_thread_in_native, id=4580, stack(0x0000000016060000,0x0000000016160000)]

Stack: [0x0000000016060000,0x0000000016160000]
Native frames: (J=compiled Java code, j=interpreted, Vv=VM code, C=native code)
V  [jvm.dll+0x32b57a]


Current CompileTask:
C2:  81412 3360       4       com.android.dx.dex.code.LocalList$MakeState::snapshot (110 bytes)


---------------  P R O C E S S  ---------------

Java Threads: ( => current thread )
  0x0000000016385800 JavaThread "Service Thread" daemon [_thread_blocked, id=6304, stack(0x0000000016760000,0x0000000016860000)]
  0x0000000014b06800 JavaThread "C1 CompilerThread2" daemon [_thread_blocked, id=804, stack(0x0000000016260000,0x0000000016360000)]
  0x0000000014b00000 JavaThread "C2 CompilerThread1" daemon [_thread_in_native, id=6688, stack(0x0000000016160000,0x0000000016260000)]
=>0x0000000014afc000 JavaThread "C2 CompilerThread0" daemon [_thread_in_native, id=4580, stack(0x0000000016060000,0x0000000016160000)]
  0x0000000014afa800 JavaThread "Attach Listener" daemon [_thread_blocked, id=10060, stack(0x0000000015f60000,0x0000000016060000)]
  0x0000000014af9800 JavaThread "Signal Dispatcher" daemon [_thread_blocked, id=9208, stack(0x0000000015e60000,0x0000000015f60000)]
  0x0000000002421800 JavaThread "Finalizer" daemon [_thread_blocked, id=3456, stack(0x0000000015d60000,0x0000000015e60000)]
  0x000000000241e800 JavaThread "Reference Handler" daemon [_thread_blocked, id=9952, stack(0x0000000015c60000,0x0000000015d60000)]
  0x000000000227d800 JavaThread "main" [_thread_in_Java, id=3928, stack(0x0000000002170000,0x0000000002270000)]

Other Threads:
  0x0000000014ac6800 VMThread [stack: 0x0000000015b60000,0x0000000015c60000] [id=5576]
  0x0000000016386800 WatcherThread [stack: 0x0000000016860000,0x0000000016960000] [id=3132]

VM state:not at safepoint (normal execution)

VM Mutex/Monitor currently owned by a thread: None

Heap:
 PSYoungGen      total 276480K, used 3652K [0x00000000eab00000, 0x0000000100000000, 0x0000000100000000)
  eden space 203776K, 1% used [0x00000000eab00000,0x00000000eae91188,0x00000000f7200000)
  from space 72704K, 0% used [0x00000000f7200000,0x00000000f7200000,0x00000000fb900000)
  to   space 70144K, 0% used [0x00000000fbb80000,0x00000000fbb80000,0x0000000100000000)
 ParOldGen       total 198656K, used 195281K [0x00000000c0000000, 0x00000000cc200000, 0x00000000eab00000)
  object space 198656K, 98% used [0x00000000c0000000,0x00000000cbeb44a8,0x00000000cc200000)
 Metaspace       used 6822K, capacity 7512K, committed 7680K, reserved 1056768K
  class space    used 629K, capacity 656K, committed 768K, reserved 1048576K

Card table byte_map: [0x00000000117f0000,0x0000000011a00000] byte_map_base: 0x00000000111f0000

Marking Bits: (ParMarkBitMap*) 0x000000005d094040
 Begin Bits: [0x0000000011f60000, 0x0000000012f60000)
 End Bits:   [0x0000000012f60000, 0x0000000013f60000)

Polling page: 0x0000000000510000

CodeCache: size=245760Kb used=14020Kb max_used=14020Kb free=231739Kb
 bounds [0x0000000002430000, 0x0000000003200000, 0x0000000011430000]
 total_blobs=2990 nmethods=2723 adapters=180
 compilation: enabled

Compilation events (10 events):
Event: 66.706 Thread 0x0000000014b06800 nmethod 3356 0x0000000002dc0f10 code [0x0000000002dc10a0, 0x0000000002dc1598]
Event: 66.706 Thread 0x0000000014afc000 3357       4       com.android.dx.rop.code.RegisterSpec::equalsUsingSimpleType (27 bytes)
Event: 66.711 Thread 0x0000000014afc000 nmethod 3357 0x0000000002cdc010 code [0x0000000002cdc160, 0x0000000002cdc5d8]
Event: 66.712 Thread 0x0000000014b06800 3358       3       com.android.dx.dex.code.LocalList$MakeState::snapshot (110 bytes)
Event: 66.713 Thread 0x0000000014b06800 nmethod 3358 0x0000000002cc8650 code [0x0000000002cc88e0, 0x0000000002cc99f8]
Event: 66.716 Thread 0x0000000014b06800 3359       3       com.android.dx.dex.code.LocalList::make (102 bytes)
Event: 66.717 Thread 0x0000000014b06800 nmethod 3359 0x0000000002cdedd0 code [0x0000000002cdf020, 0x0000000002ce0008]
Event: 66.722 Thread 0x0000000014afc000 3360       4       com.android.dx.dex.code.LocalList$MakeState::snapshot (110 bytes)
Event: 81.167 Thread 0x0000000014b06800 3361       3       java.lang.ref.ReferenceQueue::reallyPoll (66 bytes)
Event: 81.167 Thread 0x0000000014b06800 nmethod 3361 0x0000000002dc0850 code [0x0000000002dc09c0, 0x0000000002dc0e30]

GC Heap History (10 events):
Event: 45.159 GC heap before
{Heap before GC invocations=12 (full 2):
 PSYoungGen      total 278016K, used 53633K [0x00000000eab00000, 0x0000000100000000, 0x0000000100000000)
  eden space 224256K, 0% used [0x00000000eab00000,0x00000000eab00000,0x00000000f8600000)
  from space 53760K, 99% used [0x00000000fcb80000,0x00000000fffe05d8,0x0000000100000000)
  to   space 62464K, 0% used [0x00000000f8600000,0x00000000f8600000,0x00000000fc300000)
 ParOldGen       total 118272K, used 99629K [0x00000000c0000000, 0x00000000c7380000, 0x00000000eab00000)
  object space 118272K, 84% used [0x00000000c0000000,0x00000000c614b438,0x00000000c7380000)
 Metaspace       used 6472K, capacity 7256K, committed 7424K, reserved 1056768K
  class space    used 610K, capacity 656K, committed 768K, reserved 1048576K
Event: 50.502 GC heap after
Heap after GC invocations=12 (full 2):
 PSYoungGen      total 278016K, used 19663K [0x00000000eab00000, 0x0000000100000000, 0x0000000100000000)
  eden space 224256K, 0% used [0x00000000eab00000,0x00000000eab00000,0x00000000f8600000)
  from space 53760K, 36% used [0x00000000fcb80000,0x00000000fdeb3df0,0x0000000100000000)
  to   space 62464K, 0% used [0x00000000f8600000,0x00000000f8600000,0x00000000fc300000)
 ParOldGen       total 192512K, used 117786K [0x00000000c0000000, 0x00000000cbc00000, 0x00000000eab00000)
  object space 192512K, 61% used [0x00000000c0000000,0x00000000c7306910,0x00000000cbc00000)
 Metaspace       used 6472K, capacity 7256K, committed 7424K, reserved 1056768K
  class space    used 610K, capacity 656K, committed 768K, reserved 1048576K
}
Event: 52.911 GC heap before
{Heap before GC invocations=13 (full 2):
 PSYoungGen      total 278016K, used 243919K [0x00000000eab00000, 0x0000000100000000, 0x0000000100000000)
  eden space 224256K, 100% used [0x00000000eab00000,0x00000000f8600000,0x00000000f8600000)
  from space 53760K, 36% used [0x00000000fcb80000,0x00000000fdeb3df0,0x0000000100000000)
  to   space 62464K, 0% used [0x00000000f8600000,0x00000000f8600000,0x00000000fc300000)
 ParOldGen       total 192512K, used 117786K [0x00000000c0000000, 0x00000000cbc00000, 0x00000000eab00000)
  object space 192512K, 61% used [0x00000000c0000000,0x00000000c7306910,0x00000000cbc00000)
 Metaspace       used 6482K, capacity 7256K, committed 7424K, reserved 1056768K
  class space    used 610K, capacity 656K, committed 768K, reserved 1048576K
Event: 53.220 GC heap after
Heap after GC invocations=13 (full 2):
 PSYoungGen      total 286720K, used 31519K [0x00000000eab00000, 0x0000000100000000, 0x0000000100000000)
  eden space 224256K, 0% used [0x00000000eab00000,0x00000000eab00000,0x00000000f8600000)
  from space 62464K, 50% used [0x00000000f8600000,0x00000000fa4c7dc8,0x00000000fc300000)
  to   space 61440K, 0% used [0x00000000fc400000,0x00000000fc400000,0x0000000100000000)
 ParOldGen       total 192512K, used 137217K [0x00000000c0000000, 0x00000000cbc00000, 0x00000000eab00000)
  object space 192512K, 71% used [0x00000000c0000000,0x00000000c8600768,0x00000000cbc00000)
 Metaspace       used 6482K, capacity 7256K, committed 7424K, reserved 1056768K
  class space    used 610K, capacity 656K, committed 768K, reserved 1048576K
}
Event: 55.570 GC heap before
{Heap before GC invocations=14 (full 2):
 PSYoungGen      total 286720K, used 255775K [0x00000000eab00000, 0x0000000100000000, 0x0000000100000000)
  eden space 224256K, 100% used [0x00000000eab00000,0x00000000f8600000,0x00000000f8600000)
  from space 62464K, 50% used [0x00000000f8600000,0x00000000fa4c7dc8,0x00000000fc300000)
  to   space 61440K, 0% used [0x00000000fc400000,0x00000000fc400000,0x0000000100000000)
 ParOldGen       total 192512K, used 137217K [0x00000000c0000000, 0x00000000cbc00000, 0x00000000eab00000)
  object space 192512K, 71% used [0x00000000c0000000,0x00000000c8600768,0x00000000cbc00000)
 Metaspace       used 6492K, capacity 7256K, committed 7424K, reserved 1056768K
  class space    used 611K, capacity 656K, committed 768K, reserved 1048576K
Event: 55.929 GC heap after
Heap after GC invocations=14 (full 2):
 PSYoungGen      total 265216K, used 61433K [0x00000000eab00000, 0x0000000100000000, 0x0000000100000000)
  eden space 203776K, 0% used [0x00000000eab00000,0x00000000eab00000,0x00000000f7200000)
  from space 61440K, 99% used [0x00000000fc400000,0x00000000ffffe748,0x0000000100000000)
  to   space 72704K, 0% used [0x00000000f7200000,0x00000000f7200000,0x00000000fb900000)
 ParOldGen       total 192512K, used 140787K [0x00000000c0000000, 0x00000000cbc00000, 0x00000000eab00000)
  object space 192512K, 73% used [0x00000000c0000000,0x00000000c897cdf0,0x00000000cbc00000)
 Metaspace       used 6492K, capacity 7256K, committed 7424K, reserved 1056768K
  class space    used 611K, capacity 656K, committed 768K, reserved 1048576K
}
Event: 66.735 GC heap before
{Heap before GC invocations=15 (full 2):
 PSYoungGen      total 265216K, used 265209K [0x00000000eab00000, 0x0000000100000000, 0x0000000100000000)
  eden space 203776K, 100% used [0x00000000eab00000,0x00000000f7200000,0x00000000f7200000)
  from space 61440K, 99% used [0x00000000fc400000,0x00000000ffffe748,0x0000000100000000)
  to   space 72704K, 0% used [0x00000000f7200000,0x00000000f7200000,0x00000000fb900000)
 ParOldGen       total 192512K, used 140787K [0x00000000c0000000, 0x00000000cbc00000, 0x00000000eab00000)
  object space 192512K, 73% used [0x00000000c0000000,0x00000000c897cdf0,0x00000000cbc00000)
 Metaspace       used 6819K, capacity 7512K, committed 7680K, reserved 1056768K
  class space    used 629K, capacity 656K, committed 768K, reserved 1048576K
Event: 67.640 GC heap after
Heap after GC invocations=15 (full 2):
 PSYoungGen      total 276480K, used 34189K [0x00000000eab00000, 0x0000000100000000, 0x0000000100000000)
  eden space 203776K, 0% used [0x00000000eab00000,0x00000000eab00000,0x00000000f7200000)
  from space 72704K, 47% used [0x00000000f7200000,0x00000000f9363788,0x00000000fb900000)
  to   space 70144K, 0% used [0x00000000fbb80000,0x00000000fbb80000,0x0000000100000000)
 ParOldGen       total 198656K, used 198407K [0x00000000c0000000, 0x00000000cc200000, 0x00000000eab00000)
  object space 198656K, 99% used [0x00000000c0000000,0x00000000cc1c1e80,0x00000000cc200000)
 Metaspace       used 6819K, capacity 7512K, committed 7680K, reserved 1056768K
  class space    used 629K, capacity 656K, committed 768K, reserved 1048576K
}
Event: 67.640 GC heap before
{Heap before GC invocations=16 (full 3):
 PSYoungGen      total 276480K, used 34189K [0x00000000eab00000, 0x0000000100000000, 0x0000000100000000)
  eden space 203776K, 0% used [0x00000000eab00000,0x00000000eab00000,0x00000000f7200000)
  from space 72704K, 47% used [0x00000000f7200000,0x00000000f9363788,0x00000000fb900000)
  to   space 70144K, 0% used [0x00000000fbb80000,0x00000000fbb80000,0x0000000100000000)
 ParOldGen       total 198656K, used 198407K [0x00000000c0000000, 0x00000000cc200000, 0x00000000eab00000)
  object space 198656K, 99% used [0x00000000c0000000,0x00000000cc1c1e80,0x00000000cc200000)
 Metaspace       used 6819K, capacity 7512K, committed 7680K, reserved 1056768K
  class space    used 629K, capacity 656K, committed 768K, reserved 1048576K
Event: 81.165 GC heap after
Heap after GC invocations=16 (full 3):
 PSYoungGen      total 276480K, used 0K [0x00000000eab00000, 0x0000000100000000, 0x0000000100000000)
  eden space 203776K, 0% used [0x00000000eab00000,0x00000000eab00000,0x00000000f7200000)
  from space 72704K, 0% used [0x00000000f7200000,0x00000000f7200000,0x00000000fb900000)
  to   space 70144K, 0% used [0x00000000fbb80000,0x00000000fbb80000,0x0000000100000000)
 ParOldGen       total 198656K, used 195281K [0x00000000c0000000, 0x00000000cc200000, 0x00000000eab00000)
  object space 198656K, 98% used [0x00000000c0000000,0x00000000cbeb44a8,0x00000000cc200000)
 Metaspace       used 6819K, capacity 7512K, committed 7680K, reserved 1056768K
  class space    used 629K, capacity 656K, committed 768K, reserved 1048576K
}

Deoptimization events (10 events):
Event: 62.729 Thread 0x000000000227d800 Uncommon trap: reason=array_check action=maybe_recompile pc=0x00000000031cbee4 method=java.util.ComparableTimSort.binarySort([Ljava/lang/Object;III)V @ 215
Event: 62.729 Thread 0x000000000227d800 Uncommon trap: reason=array_check action=maybe_recompile pc=0x00000000031cbee4 method=java.util.ComparableTimSort.binarySort([Ljava/lang/Object;III)V @ 215
Event: 63.775 Thread 0x000000000227d800 Uncommon trap: reason=array_check action=maybe_recompile pc=0x0000000002d8c720 method=java.util.ComparableTimSort.binarySort([Ljava/lang/Object;III)V @ 183
Event: 63.836 Thread 0x000000000227d800 Uncommon trap: reason=unstable_if action=reinterpret pc=0x000000000314c668 method=com.android.dx.dex.code.LocalList$MakeState.snapshot(ILcom/android/dx/rop/code/RegisterSpecSet;)V @ 86
Event: 63.836 Thread 0x000000000227d800 Uncommon trap: reason=unstable_if action=reinterpret pc=0x00000000031d5d2c method=com.android.dx.dex.code.LocalList$MakeState.startLocal(ILcom/android/dx/rop/code/RegisterSpec;)V @ 121
Event: 63.861 Thread 0x000000000227d800 Uncommon trap: reason=unstable_if action=reinterpret pc=0x00000000031bfd78 method=com.android.dx.dex.code.OutputFinisher.align64bits([Lcom/android/dx/dex/code/Dop;)V @ 237
Event: 63.905 Thread 0x000000000227d800 Uncommon trap: reason=array_check action=maybe_recompile pc=0x0000000002d8c720 method=java.util.ComparableTimSort.binarySort([Ljava/lang/Object;III)V @ 183
Event: 66.705 Thread 0x000000000227d800 Uncommon trap: reason=unstable_if action=reinterpret pc=0x0000000002ccf340 method=com.android.dx.dex.code.LocalList$MakeState.filterSpec(Lcom/android/dx/rop/code/RegisterSpec;)Lcom/android/dx/rop/code/RegisterSpec; @ 11
Event: 66.705 Thread 0x000000000227d800 Uncommon trap: reason=unstable_if action=reinterpret pc=0x0000000002bd2ba8 method=com.android.dx.dex.code.LocalList$MakeState.filterSpec(Lcom/android/dx/rop/code/RegisterSpec;)Lcom/android/dx/rop/code/RegisterSpec; @ 11
Event: 66.705 Thread 0x000000000227d800 Uncommon trap: reason=unstable_if action=reinterpret pc=0x000000000254f5ec method=com.android.dx.dex.code.LocalList$MakeState.filterSpec(Lcom/android/dx/rop/code/RegisterSpec;)Lcom/android/dx/rop/code/RegisterSpec; @ 11

Internal exceptions (10 events):
Event: 0.086 Thread 0x000000000227d800 Exception <a 'java/lang/NoSuchMethodError': Method sun.misc.Unsafe.defineClass(Ljava/lang/String;[BII)Ljava/lang/Class; name or signature does not match> (0x00000000eab0d590) thrown at [C:\re\workspace\8-2-build-windows-amd64-cygwin\jdk8u45\3627\hotspot\srøõ¸³~¶?
Event: 0.086 Thread 0x000000000227d800 Exception <a 'java/lang/NoSuchMethodError': Method sun.misc.Unsafe.prefetchRead(Ljava/lang/Object;J)V name or signature does not match> (0x00000000eab0d820) thrown at [C:\re\workspace\8-2-build-windows-amd64-cygwin\jdk8u45\3627\hotspot\src\share\vm\prims\j®äVA™-@
Event: 14.799 Thread 0x000000000227d800 Implicit null exception at 0x00000000028ab7e3 to 0x00000000028adc7d
Event: 28.584 Thread 0x0000000016ab6000 Exception <a 'java/lang/ArrayIndexOutOfBoundsException': 18> (0x00000000ec6e5b40) thrown at [C:\re\workspace\8-2-build-windows-amd64-cygwin\jdk8u45\3627\hotspot\src\share\vm\interpreter\interpreterRuntime.cpp, line 366]
Event: 28.584 Thread 0x0000000016ab6000 Exception <a 'java/lang/ArrayIndexOutOfBoundsException': 145> (0x00000000ecb1d7e0) thrown at [C:\re\workspace\8-2-build-windows-amd64-cygwin\jdk8u45\3627\hotspot\src\share\vm\interpreter\interpreterRuntime.cpp, line 366]
Event: 28.586 Thread 0x0000000016ab6000 Exception <a 'java/lang/ArrayIndexOutOfBoundsException'> (0x00000000ecb1ea18) thrown at [C:\re\workspace\8-2-build-windows-amd64-cygwin\jdk8u45\3627\hotspot\src\share\vm\runtime\sharedRuntime.cpp, line 605]
Event: 34.729 Thread 0x0000000016adc000 Implicit null exception at 0x0000000002b32e6c to 0x0000000002b331e5
Event: 56.115 Thread 0x0000000016adc800 Implicit null exception at 0x0000000002a2e8b1 to 0x0000000002a2fdc5
Event: 56.115 Thread 0x0000000016adc800 Implicit null exception at 0x00000000028962a7 to 0x0000000002896429
Event: 56.116 Thread 0x0000000016adc800 Implicit null exception at 0x00000000027414a5 to 0x00000000027422b5

Events (10 events):
Event: 66.705 Thread 0x000000000227d800 DEOPT UNPACKING pc=0x000000000247582a sp=0x000000000226ee88 mode 2
Event: 66.705 Thread 0x000000000227d800 Uncommon trap: trap_request=0xffffff65 fr.pc=0x000000000254f5ec
Event: 66.705 Thread 0x000000000227d800 DEOPT PACKING pc=0x000000000254f5ec sp=0x000000000226eee0
Event: 66.705 Thread 0x000000000227d800 DEOPT UNPACKING pc=0x000000000247582a sp=0x000000000226ee80 mode 2
Event: 66.720 Thread 0x000000000227d800 DEOPT PACKING pc=0x0000000002cdfe59 sp=0x000000000226efa0
Event: 66.720 Thread 0x000000000227d800 DEOPT UNPACKING pc=0x000000000247747f sp=0x000000000226ecf0 mode 0
Event: 66.733 Thread 0x000000000227d800 DEOPT PACKING pc=0x0000000002cdfe59 sp=0x000000000226efa0
Event: 66.733 Thread 0x000000000227d800 DEOPT UNPACKING pc=0x000000000247747f sp=0x000000000226ecf0 mode 0
Event: 66.735 Executing VM operation: ParallelGCFailedAllocation
Event: 81.165 Executing VM operation: ParallelGCFailedAllocation done


Dynamic libraries:
0x00007ff770520000 - 0x00007ff770557000 	C:\Program Files\Java\jdk1.8.0_45\bin\java.exe
0x00007ffeff970000 - 0x00007ffeffb31000 	C:\Windows\SYSTEM32\ntdll.dll
0x00007ffefd780000 - 0x00007ffefd82d000 	C:\Windows\system32\KERNEL32.DLL
0x00007ffefc480000 - 0x00007ffefc668000 	C:\Windows\system32\KERNELBASE.dll
0x00007ffefd050000 - 0x00007ffefd0f7000 	C:\Windows\system32\ADVAPI32.dll
0x00007ffeff8d0000 - 0x00007ffeff96d000 	C:\Windows\system32\msvcrt.dll
0x00007ffeff440000 - 0x00007ffeff49b000 	C:\Windows\system32\sechost.dll
0x00007ffefcf30000 - 0x00007ffefd04c000 	C:\Windows\system32\RPCRT4.dll
0x00007ffeff2e0000 - 0x00007ffeff436000 	C:\Windows\system32\USER32.dll
0x00007ffefd580000 - 0x00007ffefd706000 	C:\Windows\system32\GDI32.dll
0x00007ffee4c10000 - 0x00007ffee4e84000 	C:\Windows\WinSxS\amd64_microsoft.windows.common-controls_6595b64144ccf1df_6.0.10586.0_none_8c15ae12515e1c22\COMCTL32.dll
0x00007ffefd300000 - 0x00007ffefd57d000 	C:\Windows\system32\combase.dll
0x00007ffefc240000 - 0x00007ffefc2aa000 	C:\Windows\system32\bcryptPrimitives.dll
0x00007ffeff2a0000 - 0x00007ffeff2db000 	C:\Windows\system32\IMM32.DLL
0x000000005dff0000 - 0x000000005e0c2000 	C:\Program Files\Java\jdk1.8.0_45\jre\bin\msvcr100.dll
0x000000005c890000 - 0x000000005d113000 	C:\Program Files\Java\jdk1.8.0_45\jre\bin\server\jvm.dll
0x00007ffeff8c0000 - 0x00007ffeff8c8000 	C:\Windows\system32\PSAPI.DLL
0x00007ffefa1a0000 - 0x00007ffefa1c3000 	C:\Windows\SYSTEM32\WINMM.dll
0x00007ffef1cd0000 - 0x00007ffef1cda000 	C:\Windows\SYSTEM32\VERSION.dll
0x00007ffee53c0000 - 0x00007ffee53c9000 	C:\Windows\SYSTEM32\WSOCK32.dll
0x00007ffeff850000 - 0x00007ffeff8bb000 	C:\Windows\system32\WS2_32.dll
0x00007ffefa170000 - 0x00007ffefa19c000 	C:\Windows\SYSTEM32\WINMMBASE.dll
0x00007ffefc110000 - 0x00007ffefc153000 	C:\Windows\system32\cfgmgr32.dll
0x000000005c880000 - 0x000000005c88f000 	C:\Program Files\Java\jdk1.8.0_45\jre\bin\verify.dll
0x000000005c850000 - 0x000000005c879000 	C:\Program Files\Java\jdk1.8.0_45\jre\bin\java.dll
0x000000005c830000 - 0x000000005c846000 	C:\Program Files\Java\jdk1.8.0_45\jre\bin\zip.dll
0x00007ffefdce0000 - 0x00007ffeff23f000 	C:\Windows\system32\SHELL32.dll
0x00007ffefc670000 - 0x00007ffefccb4000 	C:\Windows\system32\windows.storage.dll
0x00007ffefd710000 - 0x00007ffefd762000 	C:\Windows\system32\shlwapi.dll
0x00007ffefc010000 - 0x00007ffefc01f000 	C:\Windows\system32\kernel.appcore.dll
0x00007ffefc180000 - 0x00007ffefc235000 	C:\Windows\system32\shcore.dll
0x00007ffefbf90000 - 0x00007ffefbfdb000 	C:\Windows\system32\powrprof.dll
0x00007ffefbfe0000 - 0x00007ffefbff4000 	C:\Windows\system32\profapi.dll

VM Arguments:
jvm_args: -Djava.awt.headless=true -Xmx1024M -Dfile.encoding=windows-1252 -Duser.country=FR -Duser.language=fr -Duser.variant 
java_command: com.android.dx.command.Main --dex --num-threads=4 --output D:\Projets\Pventes\app\build\intermediates\pre-dexed\debug\itextg-5.5.9_52fb73407f48c56bdebed9800a32781f1d3a09fc.jar C:\Users\mediasoft\.gradle\caches\modules-2\files-2.1\com.itextpdf\itextg\5.5.9\3580383b2c7db8fa2fee1ffbe1993017a9ea296e\itextg-5.5.9.jar
java_class_path (initial): C:\Users\mediasoft\AppData\Local\Android\sdk\build-tools\24.0.1\lib\dx.jar
Launcher Type: SUN_STANDARD

Environment Variables:
PATH=C:\ProgramData\Oracle\Java\javapath;C:\Windows\system32;C:\Windows;C:\Windows\System32\Wbem;C:\Windows\System32\WindowsPowerShell\v1.0\;C:\Program Files\TortoiseSVN\bin;C:\Program Files\nodejs\;C:\Program Files\Microsoft SQL Server\110\DTS\Binn\;C:\Program Files (x86)\Microsoft SQL Server\110\Tools\Binn\;C:\Program Files\Microsoft SQL Server\110\Tools\Binn\;C:\Program Files (x86)\Microsoft SQL Server\110\Tools\Binn\ManagementStudio\;C:\Program Files (x86)\Microsoft Visual Studio 10.0\Common7\IDE\PrivateAssemblies\;C:\Program Files (x86)\Microsoft SQL Server\110\DTS\Binn\;C:\Users\mediasoft\AppData\Roaming\npm
USERNAME=mediasoft
OS=Windows_NT
PROCESSOR_IDENTIFIER=Intel64 Family 6 Model 37 Stepping 5, GenuineIntel



---------------  S Y S T E M  ---------------

OS: Windows 10.0 , 64 bit Build 10586 (10.0.10586.0)

CPU:total 4 (2 cores per cpu, 2 threads per core) family 6 model 37 stepping 5, cmov, cx8, fxsr, mmx, sse, sse2, sse3, ssse3, sse4.1, sse4.2, popcnt, ht, tsc, tscinvbit

Memory: 4k page, physical 6082052k(507484k free), swap 9717496k(272k free)

vm_info: Java HotSpot(TM) 64-Bit Server VM (25.45-b02) for windows-amd64 JRE (1.8.0_45-b15), built on Apr 30 2015 12:40:44 by "java_re" with MS VC++ 10.0 (VS2010)

time: Wed Oct 19 15:19:45 2016
elapsed time: 83 seconds (0d 0h 1m 23s)

