#
# There is insufficient memory for the Java Runtime Environment to continue.
# Native memory allocation (malloc) failed to allocate 65552 bytes for Chunk::new
# Possible reasons:
#   The system is out of physical RAM or swap space
#   In 32 bit mode, the process size limit was hit
# Possible solutions:
#   Reduce memory load on the system
#   Increase physical memory or swap space
#   Check if swap backing store is full
#   Use 64 bit Java on a 64 bit OS
#   Decrease Java heap size (-Xmx/-Xms)
#   Decrease number of Java threads
#   Decrease Java thread stack sizes (-Xss)
#   Set larger code cache with -XX:ReservedCodeCacheSize=
# This output file may be truncated or incomplete.
#
#  Out of Memory Error (allocation.cpp:390), pid=6668, tid=1080
#
# JRE version: Java(TM) SE Runtime Environment (8.0_45-b15) (build 1.8.0_45-b15)
# Java VM: Java HotSpot(TM) 64-Bit Server VM (25.45-b02 mixed mode windows-amd64 compressed oops)
# Failed to write core dump. Minidumps are not enabled by default on client versions of Windows
#

---------------  T H R E A D  ---------------

Current thread (0x0000000014906000):  JavaThread "C2 CompilerThread1" daemon [_thread_in_native, id=1080, stack(0x0000000015f00000,0x0000000016000000)]

Stack: [0x0000000015f00000,0x0000000016000000]
Native frames: (J=compiled Java code, j=interpreted, Vv=VM code, C=native code)
V  [jvm.dll+0x32b57a]


Current CompileTask:
C2:   6946  702       4       com.android.dx.ssa.SsaBasicBlock::forEachInsn (37 bytes)


---------------  P R O C E S S  ---------------

Java Threads: ( => current thread )
  0x000000001627b000 JavaThread "pool-1-thread-4" [_thread_in_Java, id=5300, stack(0x0000000016b00000,0x0000000016c00000)]
  0x000000001627a000 JavaThread "pool-1-thread-3" [_thread_in_Java, id=7244, stack(0x0000000016a00000,0x0000000016b00000)]
  0x0000000016278800 JavaThread "pool-1-thread-2" [_thread_in_Java, id=6628, stack(0x0000000016900000,0x0000000016a00000)]
  0x0000000016275000 JavaThread "pool-2-thread-1" [_thread_blocked, id=8280, stack(0x0000000016800000,0x0000000016900000)]
  0x0000000016274000 JavaThread "pool-1-thread-1" [_thread_in_Java, id=10856, stack(0x0000000016700000,0x0000000016800000)]
  0x000000001490d800 JavaThread "Service Thread" daemon [_thread_blocked, id=10568, stack(0x0000000016500000,0x0000000016600000)]
  0x0000000014908800 JavaThread "C1 CompilerThread2" daemon [_thread_in_native, id=9296, stack(0x0000000016000000,0x0000000016100000)]
=>0x0000000014906000 JavaThread "C2 CompilerThread1" daemon [_thread_in_native, id=1080, stack(0x0000000015f00000,0x0000000016000000)]
  0x00000000148ac000 JavaThread "C2 CompilerThread0" daemon [_thread_in_native, id=8308, stack(0x0000000015e00000,0x0000000015f00000)]
  0x00000000148aa800 JavaThread "Attach Listener" daemon [_thread_blocked, id=3416, stack(0x0000000015d00000,0x0000000015e00000)]
  0x00000000148a9800 JavaThread "Signal Dispatcher" daemon [_thread_blocked, id=7984, stack(0x0000000015c00000,0x0000000015d00000)]
  0x00000000021d0800 JavaThread "Finalizer" daemon [_thread_blocked, id=7620, stack(0x0000000015b00000,0x0000000015c00000)]
  0x00000000021cd000 JavaThread "Reference Handler" daemon [_thread_blocked, id=10972, stack(0x0000000015a00000,0x0000000015b00000)]
  0x000000000057d800 JavaThread "main" [_thread_in_Java, id=11136, stack(0x0000000001ed0000,0x0000000001fd0000)]

Other Threads:
  0x0000000014877800 VMThread [stack: 0x0000000015900000,0x0000000015a00000] [id=4216]
  0x000000001490e800 WatcherThread [stack: 0x0000000016600000,0x0000000016700000] [id=5412]

VM state:not at safepoint (normal execution)

VM Mutex/Monitor currently owned by a thread: None

Heap:
 PSYoungGen      total 28160K, used 8817K [0x00000000eab00000, 0x00000000eca00000, 0x0000000100000000)
  eden space 24576K, 21% used [0x00000000eab00000,0x00000000eb01eb10,0x00000000ec300000)
  from space 3584K, 99% used [0x00000000ec300000,0x00000000ec67dc98,0x00000000ec680000)
  to   space 3584K, 0% used [0x00000000ec680000,0x00000000ec680000,0x00000000eca00000)
 ParOldGen       total 64512K, used 1777K [0x00000000c0000000, 0x00000000c3f00000, 0x00000000eab00000)
  object space 64512K, 2% used [0x00000000c0000000,0x00000000c01bc788,0x00000000c3f00000)
 Metaspace       used 5678K, capacity 6704K, committed 6784K, reserved 1056768K
  class space    used 587K, capacity 616K, committed 640K, reserved 1048576K

Card table byte_map: [0x00000000115a0000,0x00000000117b0000] byte_map_base: 0x0000000010fa0000

Marking Bits: (ParMarkBitMap*) 0x000000005d094040
 Begin Bits: [0x0000000011d10000, 0x0000000012d10000)
 End Bits:   [0x0000000012d10000, 0x0000000013d10000)

Polling page: 0x0000000000520000

CodeCache: size=245760Kb used=2783Kb max_used=2783Kb free=242976Kb
 bounds [0x00000000021e0000, 0x00000000024a0000, 0x00000000111e0000]
 total_blobs=996 nmethods=730 adapters=180
 compilation: enabled

Compilation events (10 events):
Event: 6.581 Thread 0x0000000014908800 nmethod 698 0x0000000002491190 code [0x00000000024912e0, 0x0000000002491470]
Event: 6.581 Thread 0x0000000014908800  700       3       com.android.dx.ssa.SsaMethod::getEntryBlock (15 bytes)
Event: 6.581 Thread 0x0000000014908800 nmethod 700 0x0000000002491510 code [0x00000000024916c0, 0x0000000002491b98]
Event: 6.582 Thread 0x0000000014908800  721       3       com.android.dx.ssa.SsaMethod::getUseListCopy (56 bytes)
Event: 6.582 Thread 0x0000000014908800 nmethod 721 0x0000000002491ed0 code [0x0000000002492060, 0x0000000002492578]
Event: 6.582 Thread 0x0000000014908800  722       3       com.android.dx.ssa.SetFactory::makeInterferenceSet (26 bytes)
Event: 6.583 Thread 0x0000000014908800 nmethod 722 0x0000000002492790 code [0x0000000002492920, 0x0000000002492d28]
Event: 6.583 Thread 0x0000000014908800  723       3       com.android.dx.ssa.back.LivenessAnalyzer::<init> (55 bytes)
Event: 6.583 Thread 0x0000000014908800 nmethod 723 0x0000000002492f10 code [0x00000000024930a0, 0x00000000024934b8]
Event: 6.583 Thread 0x0000000014908800  724       3       com.android.dx.ssa.back.LivenessAnalyzer::run (231 bytes)

GC Heap History (0 events):
No events

Deoptimization events (3 events):
Event: 3.808 Thread 0x000000000057d800 Uncommon trap: reason=unstable_if action=reinterpret pc=0x000000000232b750 method=java.lang.String.indexOf(II)I @ 49
Event: 6.388 Thread 0x000000001627b000 Uncommon trap: reason=unstable_if action=reinterpret pc=0x00000000023e21fc method=java.util.HashMap.getNode(ILjava/lang/Object;)Ljava/util/HashMap$Node; @ 62
Event: 6.530 Thread 0x000000001627b000 Uncommon trap: reason=unstable_if action=reinterpret pc=0x00000000024396f0 method=java.util.BitSet.nextSetBit(I)I @ 87

Internal exceptions (2 events):
Event: 2.134 Thread 0x000000000057d800 Exception <a 'java/lang/NoSuchMethodError': Method sun.misc.Unsafe.defineClass(Ljava/lang/String;[BII)Ljava/lang/Class; name or signature does not match> (0x00000000eab0d420) thrown at [C:\re\workspace\8-2-build-windows-amd64-cygwin\jdk8u45\3627\hotspot\srπÎQ@
Event: 2.134 Thread 0x000000000057d800 Exception <a 'java/lang/NoSuchMethodError': Method sun.misc.Unsafe.prefetchRead(Ljava/lang/Object;J)V name or signature does not match> (0x00000000eab0d6b0) thrown at [C:\re\workspace\8-2-build-windows-amd64-cygwin\jdk8u45\3627\hotspot\src\share\vm\prims\j

Events (10 events):
Event: 6.513 loading class java/util/DualPivotQuicksort done
Event: 6.516 loading class com/android/dx/cf/code/Ropper$ExceptionHandlerSetup
Event: 6.516 loading class com/android/dx/cf/code/Ropper$ExceptionHandlerSetup done
Event: 6.527 loading class java/util/HashMap$Values
Event: 6.527 loading class java/util/HashMap$Values done
Event: 6.527 loading class java/util/HashMap$ValueIterator
Event: 6.527 loading class java/util/HashMap$ValueIterator done
Event: 6.530 Thread 0x000000001627b000 Uncommon trap: trap_request=0xffffff65 fr.pc=0x00000000024396f0
Event: 6.530 Thread 0x000000001627b000 DEOPT PACKING pc=0x00000000024396f0 sp=0x0000000016bfe5f0
Event: 6.530 Thread 0x000000001627b000 DEOPT UNPACKING pc=0x000000000222582a sp=0x0000000016bfe588 mode 2


Dynamic libraries:
0x00007ff770520000 - 0x00007ff770557000 	C:\Program Files\Java\jdk1.8.0_45\bin\java.exe
0x00007ffeff970000 - 0x00007ffeffb31000 	C:\Windows\SYSTEM32\ntdll.dll
0x00007ffefd780000 - 0x00007ffefd82d000 	C:\Windows\system32\KERNEL32.DLL
0x00007ffefc480000 - 0x00007ffefc668000 	C:\Windows\system32\KERNELBASE.dll
0x00007ffefd050000 - 0x00007ffefd0f7000 	C:\Windows\system32\ADVAPI32.dll
0x00007ffeff8d0000 - 0x00007ffeff96d000 	C:\Windows\system32\msvcrt.dll
0x00007ffeff440000 - 0x00007ffeff49b000 	C:\Windows\system32\sechost.dll
0x00007ffefcf30000 - 0x00007ffefd04c000 	C:\Windows\system32\RPCRT4.dll
0x00007ffeff2e0000 - 0x00007ffeff436000 	C:\Windows\system32\USER32.dll
0x00007ffefd580000 - 0x00007ffefd706000 	C:\Windows\system32\GDI32.dll
0x00007ffee4c10000 - 0x00007ffee4e84000 	C:\Windows\WinSxS\amd64_microsoft.windows.common-controls_6595b64144ccf1df_6.0.10586.0_none_8c15ae12515e1c22\COMCTL32.dll
0x00007ffefd300000 - 0x00007ffefd57d000 	C:\Windows\system32\combase.dll
0x00007ffefc240000 - 0x00007ffefc2aa000 	C:\Windows\system32\bcryptPrimitives.dll
0x00007ffeff2a0000 - 0x00007ffeff2db000 	C:\Windows\system32\IMM32.DLL
0x000000005dff0000 - 0x000000005e0c2000 	C:\Program Files\Java\jdk1.8.0_45\jre\bin\msvcr100.dll
0x000000005c890000 - 0x000000005d113000 	C:\Program Files\Java\jdk1.8.0_45\jre\bin\server\jvm.dll
0x00007ffeff8c0000 - 0x00007ffeff8c8000 	C:\Windows\system32\PSAPI.DLL
0x00007ffee53c0000 - 0x00007ffee53c9000 	C:\Windows\SYSTEM32\WSOCK32.dll
0x00007ffeff850000 - 0x00007ffeff8bb000 	C:\Windows\system32\WS2_32.dll
0x00007ffefa1a0000 - 0x00007ffefa1c3000 	C:\Windows\SYSTEM32\WINMM.dll
0x00007ffef1cd0000 - 0x00007ffef1cda000 	C:\Windows\SYSTEM32\VERSION.dll
0x00007ffefa170000 - 0x00007ffefa19c000 	C:\Windows\SYSTEM32\WINMMBASE.dll
0x00007ffefc110000 - 0x00007ffefc153000 	C:\Windows\system32\cfgmgr32.dll
0x000000005c880000 - 0x000000005c88f000 	C:\Program Files\Java\jdk1.8.0_45\jre\bin\verify.dll
0x000000005c850000 - 0x000000005c879000 	C:\Program Files\Java\jdk1.8.0_45\jre\bin\java.dll
0x000000005c830000 - 0x000000005c846000 	C:\Program Files\Java\jdk1.8.0_45\jre\bin\zip.dll
0x00007ffefdce0000 - 0x00007ffeff23f000 	C:\Windows\system32\SHELL32.dll
0x00007ffefc670000 - 0x00007ffefccb4000 	C:\Windows\system32\windows.storage.dll
0x00007ffefd710000 - 0x00007ffefd762000 	C:\Windows\system32\shlwapi.dll
0x00007ffefc010000 - 0x00007ffefc01f000 	C:\Windows\system32\kernel.appcore.dll
0x00007ffefc180000 - 0x00007ffefc235000 	C:\Windows\system32\shcore.dll
0x00007ffefbf90000 - 0x00007ffefbfdb000 	C:\Windows\system32\powrprof.dll
0x00007ffefbfe0000 - 0x00007ffefbff4000 	C:\Windows\system32\profapi.dll

VM Arguments:
jvm_args: -Djava.awt.headless=true -Xmx1024M -Dfile.encoding=windows-1252 -Duser.country=FR -Duser.language=fr -Duser.variant 
java_command: com.android.dx.command.Main --dex --num-threads=4 --output D:\Projets\Pventes\app\build\intermediates\pre-dexed\debug\picasso-2.5.0_90d46e25c03e8479cc55681d712bb7564b137885.jar C:\Users\mediasoft\.gradle\caches\modules-2\files-2.1\com.squareup.picasso\picasso\2.5.0\7ff0e000d1e27e356567f56c92af3b8ab912636f\picasso-2.5.0.jar
java_class_path (initial): C:\Users\mediasoft\AppData\Local\Android\sdk\build-tools\24.0.1\lib\dx.jar
Launcher Type: SUN_STANDARD

Environment Variables:
PATH=C:\ProgramData\Oracle\Java\javapath;C:\Windows\system32;C:\Windows;C:\Windows\System32\Wbem;C:\Windows\System32\WindowsPowerShell\v1.0\;C:\Program Files\TortoiseSVN\bin;C:\Program Files\nodejs\;C:\Program Files\Microsoft SQL Server\110\DTS\Binn\;C:\Program Files (x86)\Microsoft SQL Server\110\Tools\Binn\;C:\Program Files\Microsoft SQL Server\110\Tools\Binn\;C:\Program Files (x86)\Microsoft SQL Server\110\Tools\Binn\ManagementStudio\;C:\Program Files (x86)\Microsoft Visual Studio 10.0\Common7\IDE\PrivateAssemblies\;C:\Program Files (x86)\Microsoft SQL Server\110\DTS\Binn\;C:\Users\mediasoft\AppData\Roaming\npm
USERNAME=mediasoft
OS=Windows_NT
PROCESSOR_IDENTIFIER=Intel64 Family 6 Model 37 Stepping 5, GenuineIntel



---------------  S Y S T E M  ---------------

OS: Windows 10.0 , 64 bit Build 10586 (10.0.10586.0)

CPU:total 4 (2 cores per cpu, 2 threads per core) family 6 model 37 stepping 5, cmov, cx8, fxsr, mmx, sse, sse2, sse3, ssse3, sse4.1, sse4.2, popcnt, ht, tsc, tscinvbit

Memory: 4k page, physical 6082052k(507484k free), swap 9717496k(272k free)

vm_info: Java HotSpot(TM) 64-Bit Server VM (25.45-b02) for windows-amd64 JRE (1.8.0_45-b15), built on Apr 30 2015 12:40:44 by "java_re" with MS VC++ 10.0 (VS2010)

time: Wed Oct 19 15:19:45 2016
elapsed time: 8 seconds (0d 0h 0m 8s)

